<?xml version="1.0" encoding="UTF-8"?>
<!-- Generated by org.testng.reporters.JUnitXMLReporter -->
<testsuite ignored="0" hostname="Micky" failures="0" tests="4" name="Test" time="11.25" errors="0" timestamp="2024-10-21T00:27:54 IST">
  <testcase classname="saucedemo.SDLogin" name="SauceDemoLogin" time="2.091"/>
  <testcase classname="Java.Streams" name="streamCollect" time="0.026"/>
  <testcase classname="TestNG.BasicTest" name="Bye" time="0.01"/>
  <testcase classname="TestNG.BasicTest" name="Hello" time="0.014"/>
</testsuite> <!-- Test -->
