<?xml version="1.0" encoding="UTF-8"?>
<testng-results ignored="0" total="1" passed="1" failed="0" skipped="0">
  <reporter-output>
  </reporter-output>
  <suite started-at="2024-10-21T00:43:22 IST" name="Default suite" finished-at="2024-10-21T00:43:27 IST" duration-ms="4712">
    <groups>
    </groups>
    <test started-at="2024-10-21T00:43:22 IST" name="Default test" finished-at="2024-10-21T00:43:27 IST" duration-ms="4712">
      <class name="saucedemo.SDLogin">
        <test-method is-config="true" signature="SetUpTest()[pri:0, instance:saucedemo.SDLogin@5c645b43]" started-at="2024-10-21T00:43:22 IST" name="SetUpTest" finished-at="2024-10-21T00:43:25 IST" duration-ms="2888" status="PASS">
          <reporter-output>
          </reporter-output>
        </test-method> <!-- SetUpTest -->
        <test-method signature="SauceDemoLogin()[pri:0, instance:saucedemo.SDLogin@5c645b43]" started-at="2024-10-21T00:43:25 IST" name="SauceDemoLogin" finished-at="2024-10-21T00:43:27 IST" duration-ms="1228" status="PASS">
          <reporter-output>
          </reporter-output>
        </test-method> <!-- SauceDemoLogin -->
        <test-method is-config="true" signature="CloseBrowser()[pri:0, instance:saucedemo.SDLogin@5c645b43]" started-at="2024-10-21T00:43:27 IST" name="CloseBrowser" finished-at="2024-10-21T00:43:27 IST" duration-ms="322" status="PASS">
          <reporter-output>
          </reporter-output>
        </test-method> <!-- CloseBrowser -->
      </class> <!-- saucedemo.SDLogin -->
    </test> <!-- Default test -->
  </suite> <!-- Default suite -->
</testng-results>
